Build started 4/7/2016 12:31:23 PM.
     1>Project "C:\Git\AssemblerMMN14\AssemblyMMN14.vcxproj" on node 2 (Build target(s)).
     1>ClCompile:
         C:\Program Files (x86)\Microsoft Visual Studio 14.0\VC\bin\CL.exe /c /ZI /nologo /W3 /WX- /sdl /Od /Oy- /D WIN32 /D _DEBUG /D _CRT_SECURE_NO_WARNINGS /D _CONSOLE /D _UNICODE /D UNICODE /Gm /EHsc /RTC1 /MDd /GS /fp:precise /Zc:wchar_t /Zc:forScope /Zc:inline /Fo"Debug\\" /Fd"Debug\vc140.pdb" /Gd /TC /analyze- /errorReport:prompt parser.c
         parser.c
     1>c:\git\assemblermmn14\parser.c(117): warning C4048: different array subscripts: 'char (*)[0]' and 'char (*)[30]'
     1>c:\git\assemblermmn14\parser.c(117): warning C4048: different array subscripts: 'int (*)[0]' and 'int (*)[1]'
     1>c:\git\assemblermmn14\parser.c(117): warning C4048: different array subscripts: 'char (*)[0]' and 'char (*)[80]'
     1>c:\git\assemblermmn14\parser.c(206): warning C4048: different array subscripts: 'char (*)[0]' and 'char (*)[30]'
     1>c:\git\assemblermmn14\parser.c(206): warning C4048: different array subscripts: 'int (*)[0]' and 'int (*)[1]'
     1>c:\git\assemblermmn14\parser.c(206): warning C4048: different array subscripts: 'char (*)[0]' and 'char (*)[80]'
     1>c:\git\assemblermmn14\parser.c(307): warning C4048: different array subscripts: 'char (*)[0]' and 'char (*)[80]'
     1>c:\git\assemblermmn14\parser.c(426): warning C4048: different array subscripts: 'char (*)[0]' and 'char (*)[80]'
     1>c:\git\assemblermmn14\parser.c(455): warning C4048: different array subscripts: 'char (*)[0]' and 'char (*)[80]'
     1>c:\git\assemblermmn14\parser.c(627): warning C4048: different array subscripts: 'char (*)[0]' and 'char (*)[80]'
     1>c:\git\assemblermmn14\parser.c(639): warning C4048: different array subscripts: 'char (*)[0]' and 'char (*)[80]'
     1>c:\git\assemblermmn14\parser.c(652): warning C4048: different array subscripts: 'char (*)[0]' and 'char (*)[80]'
       Link:
         C:\Program Files (x86)\Microsoft Visual Studio 14.0\VC\bin\link.exe /ERRORREPORT:PROMPT /OUT:"C:\Git\AssemblerMMN14\Debug\AssemblyMMN14.exe" /INCREMENTAL /NOLOGO kernel32.lib user32.lib gdi32.lib winspool.lib comdlg32.lib advapi32.lib shell32.lib ole32.lib oleaut32.lib uuid.lib odbc32.lib odbccp32.lib /MANIFEST /MANIFESTUAC:"level='asInvoker' uiAccess='false'" /manifest:embed /Debug /PDB:"C:\Git\AssemblerMMN14\Debug\AssemblyMMN14.pdb" /SUBSYSTEM:CONSOLE /TLBID:1 /DYNAMICBASE /NXCOMPAT /IMPLIB:"C:\Git\AssemblerMMN14\Debug\AssemblyMMN14.lib" /MACHINE:X86 Debug\Base32Operations.obj
         Debug\dataSegment.obj
         Debug\firstPass.obj
         Debug\parser.obj
         Debug\secondPass.obj
         Debug\symbolTable.obj
         AssemblyMMN14.vcxproj -> C:\Git\AssemblerMMN14\Debug\AssemblyMMN14.exe
     1>Done Building Project "C:\Git\AssemblerMMN14\AssemblyMMN14.vcxproj" (Build target(s)).

Build succeeded.

Time Elapsed 00:00:00.64
